1733553585299	geckodriver	INFO	Listening on 127.0.0.1:35217
1733553585372	mozrunner::runner	INFO	Running command: MOZ_CRASHREPORTER="1" MOZ_CRASHREPORTER_NO_REPORT="1" MOZ_CRASHREPORTER_SHUTDOWN="1" MOZ_NO_REMOTE="1" "/usr/bin/firefox" "--marionette" "-no-remote" "-profile" "/tmp/rust_mozprofilejmFZoT"
console.warn: services.settings: Ignoring preference override of remote settings server
console.warn: services.settings: Allow by setting MOZ_REMOTE_SETTINGS_DEVTOOLS=1 in the environment
[GFX1-]: glxtest: libEGL missing methods for GL test
1733553588043	Marionette	INFO	Marionette enabled
1733553588057	Marionette	INFO	Listening on port 38839
Read port: 38839
1733553588370	RemoteAgent	WARN	TLS certificate errors will be ignored for this session
console.error: ({})
[ERROR glean_core] Error setting metrics feature config: Json(Error("EOF while parsing a value", line: 1, column: 0))
1733553597900	Marionette	INFO	Stopped listening on port 38839
[Child 12397, Main Thread] WARNING: JSWindowActorChild::SendRawMessage (Conduits, ConduitClosed) not sent: !CanSend() || !mManager || !mManager->CanSend(): file /build/firefox-DxjVTE/firefox-113.0.2+build1/dom/ipc/jsactor/JSWindowActorChild.cpp:57
[Child 12397, Main Thread] WARNING: JSWindowActorChild::SendRawMessage (Conduits, ConduitClosed) not sent: !CanSend() || !mManager || !mManager->CanSend(): file /build/firefox-DxjVTE/firefox-113.0.2+build1/dom/ipc/jsactor/JSWindowActorChild.cpp:57
[Child 12397, Main Thread] WARNING: JSWindowActorChild::SendRawMessage (Conduits, ConduitClosed) not sent: !CanSend() || !mManager || !mManager->CanSend(): file /build/firefox-DxjVTE/firefox-113.0.2+build1/dom/ipc/jsactor/JSWindowActorChild.cpp:57
[Child 12397, Main Thread] WARNING: JSWindowActorChild::SendRawMessage (Conduits, ConduitClosed) not sent: !CanSend() || !mManager || !mManager->CanSend(): file /build/firefox-DxjVTE/firefox-113.0.2+build1/dom/ipc/jsactor/JSWindowActorChild.cpp:57
[Child 12397, Main Thread] WARNING: JSWindowActorChild::SendRawMessage (Conduits, ConduitClosed) not sent: !CanSend() || !mManager || !mManager->CanSend(): file /build/firefox-DxjVTE/firefox-113.0.2+build1/dom/ipc/jsactor/JSWindowActorChild.cpp:57
[Child 12397, Main Thread] WARNING: JSWindowActorChild::SendRawMessage (Conduits, ConduitClosed) not sent: !CanSend() || !mManager || !mManager->CanSend(): file /build/firefox-DxjVTE/firefox-113.0.2+build1/dom/ipc/jsactor/JSWindowActorChild.cpp:57
[Child 12397, Main Thread] WARNING: JSWindowActorChild::SendRawMessage (Conduits, ConduitClosed) not sent: !CanSend() || !mManager || !mManager->CanSend(): file /build/firefox-DxjVTE/firefox-113.0.2+build1/dom/ipc/jsactor/JSWindowActorChild.cpp:57
[Child 12397, Main Thread] WARNING: JSWindowActorChild::SendRawMessage (Conduits, ConduitClosed) not sent: !CanSend() || !mManager || !mManager->CanSend(): file /build/firefox-DxjVTE/firefox-113.0.2+build1/dom/ipc/jsactor/JSWindowActorChild.cpp:57
1733553598990	geckodriver	INFO	Listening on 127.0.0.1:44399
1733553599998	mozrunner::runner	INFO	Running command: MOZ_CRASHREPORTER="1" MOZ_CRASHREPORTER_NO_REPORT="1" MOZ_CRASHREPORTER_SHUTDOWN="1" MOZ_NO_REMOTE="1" "/usr/bin/firefox" "--marionette" "-no-remote" "-profile" "/tmp/rust_mozprofileofCds8"
console.warn: services.settings: Ignoring preference override of remote settings server
console.warn: services.settings: Allow by setting MOZ_REMOTE_SETTINGS_DEVTOOLS=1 in the environment
[GFX1-]: glxtest: libEGL missing methods for GL test
1733553602009	Marionette	INFO	Marionette enabled
1733553602015	Marionette	INFO	Listening on port 33503
Read port: 33503
1733553602165	RemoteAgent	WARN	TLS certificate errors will be ignored for this session
console.error: ({})
[ERROR glean_core] Error setting metrics feature config: Json(Error("EOF while parsing a value", line: 1, column: 0))
1733553611342	Marionette	INFO	Stopped listening on port 33503
[Child 12641, Main Thread] WARNING: JSWindowActorChild::SendRawMessage (Conduits, ConduitClosed) not sent: !CanSend() || !mManager || !mManager->CanSend(): file /build/firefox-DxjVTE/firefox-113.0.2+build1/dom/ipc/jsactor/JSWindowActorChild.cpp:57
[Child 12641, Main Thread] WARNING: JSWindowActorChild::SendRawMessage (Conduits, ConduitClosed) not sent: !CanSend() || !mManager || !mManager->CanSend(): file /build/firefox-DxjVTE/firefox-113.0.2+build1/dom/ipc/jsactor/JSWindowActorChild.cpp:57
[Child 12641, Main Thread] WARNING: JSWindowActorChild::SendRawMessage (Conduits, ConduitClosed) not sent: !CanSend() || !mManager || !mManager->CanSend(): file /build/firefox-DxjVTE/firefox-113.0.2+build1/dom/ipc/jsactor/JSWindowActorChild.cpp:57
[Child 12641, Main Thread] WARNING: JSWindowActorChild::SendRawMessage (Conduits, ConduitClosed) not sent: !CanSend() || !mManager || !mManager->CanSend(): file /build/firefox-DxjVTE/firefox-113.0.2+build1/dom/ipc/jsactor/JSWindowActorChild.cpp:57
[Child 12641, Main Thread] WARNING: JSWindowActorChild::SendRawMessage (Conduits, ConduitClosed) not sent: !CanSend() || !mManager || !mManager->CanSend(): file /build/firefox-DxjVTE/firefox-113.0.2+build1/dom/ipc/jsactor/JSWindowActorChild.cpp:57
[Child 12641, Main Thread] WARNING: JSWindowActorChild::SendRawMessage (Conduits, ConduitClosed) not sent: !CanSend() || !mManager || !mManager->CanSend(): file /build/firefox-DxjVTE/firefox-113.0.2+build1/dom/ipc/jsactor/JSWindowActorChild.cpp:57
[Child 12641, Main Thread] WARNING: JSWindowActorChild::SendRawMessage (Conduits, ConduitClosed) not sent: !CanSend() || !mManager || !mManager->CanSend(): file /build/firefox-DxjVTE/firefox-113.0.2+build1/dom/ipc/jsactor/JSWindowActorChild.cpp:57
[Child 12641, Main Thread] WARNING: JSWindowActorChild::SendRawMessage (Conduits, ConduitClosed) not sent: !CanSend() || !mManager || !mManager->CanSend(): file /build/firefox-DxjVTE/firefox-113.0.2+build1/dom/ipc/jsactor/JSWindowActorChild.cpp:57
1733553612188	geckodriver	INFO	Listening on 127.0.0.1:38445
1733553613197	mozrunner::runner	INFO	Running command: MOZ_CRASHREPORTER="1" MOZ_CRASHREPORTER_NO_REPORT="1" MOZ_CRASHREPORTER_SHUTDOWN="1" MOZ_NO_REMOTE="1" "/usr/bin/firefox" "--marionette" "-no-remote" "-profile" "/tmp/rust_mozprofileibMeyf"
console.warn: services.settings: Ignoring preference override of remote settings server
console.warn: services.settings: Allow by setting MOZ_REMOTE_SETTINGS_DEVTOOLS=1 in the environment
[GFX1-]: glxtest: libEGL missing methods for GL test
1733553615286	Marionette	INFO	Marionette enabled
1733553615292	Marionette	INFO	Listening on port 46303
Read port: 46303
1733553615460	RemoteAgent	WARN	TLS certificate errors will be ignored for this session
console.error: ({})
[ERROR glean_core] Error setting metrics feature config: Json(Error("EOF while parsing a value", line: 1, column: 0))
Exiting due to channel error.
Exiting due to channel error.
1733553641931	geckodriver	INFO	Listening on 127.0.0.1:44197
1733553641938	mozrunner::runner	INFO	Running command: MOZ_CRASHREPORTER="1" MOZ_CRASHREPORTER_NO_REPORT="1" MOZ_CRASHREPORTER_SHUTDOWN="1" MOZ_NO_REMOTE="1" "/usr/bin/firefox" "--marionette" "-no-remote" "-profile" "/tmp/rust_mozprofilexwNdJ6"
console.warn: services.settings: Ignoring preference override of remote settings server
console.warn: services.settings: Allow by setting MOZ_REMOTE_SETTINGS_DEVTOOLS=1 in the environment
[GFX1-]: glxtest: libEGL missing methods for GL test
1733553643974	Marionette	INFO	Marionette enabled
1733553643980	Marionette	INFO	Listening on port 34153
Read port: 34153
1733553644131	RemoteAgent	WARN	TLS certificate errors will be ignored for this session
console.error: ({})
[ERROR glean_core] Error setting metrics feature config: Json(Error("EOF while parsing a value", line: 1, column: 0))
console.warn: LoginRecipes: "Falling back to a synchronous message for: https://www.manoramaquiz.in."
console.error: "update.locale" " file doesn't exist in either the application or GRE directories"
1733553675906	Marionette	INFO	Stopped listening on port 34153
[Child 13056, Main Thread] WARNING: JSWindowActorChild::SendRawMessage (Conduits, ConduitClosed) not sent: !CanSend() || !mManager || !mManager->CanSend(): file /build/firefox-DxjVTE/firefox-113.0.2+build1/dom/ipc/jsactor/JSWindowActorChild.cpp:57
[Child 13056, Main Thread] WARNING: JSWindowActorChild::SendRawMessage (Conduits, ConduitClosed) not sent: !CanSend() || !mManager || !mManager->CanSend(): file /build/firefox-DxjVTE/firefox-113.0.2+build1/dom/ipc/jsactor/JSWindowActorChild.cpp:57
[Child 13056, Main Thread] WARNING: JSWindowActorChild::SendRawMessage (Conduits, ConduitClosed) not sent: !CanSend() || !mManager || !mManager->CanSend(): file /build/firefox-DxjVTE/firefox-113.0.2+build1/dom/ipc/jsactor/JSWindowActorChild.cpp:57
[Child 13056, Main Thread] WARNING: JSWindowActorChild::SendRawMessage (Conduits, ConduitClosed) not sent: !CanSend() || !mManager || !mManager->CanSend(): file /build/firefox-DxjVTE/firefox-113.0.2+build1/dom/ipc/jsactor/JSWindowActorChild.cpp:57
[Child 13056, Main Thread] WARNING: JSWindowActorChild::SendRawMessage (Conduits, ConduitClosed) not sent: !CanSend() || !mManager || !mManager->CanSend(): file /build/firefox-DxjVTE/firefox-113.0.2+build1/dom/ipc/jsactor/JSWindowActorChild.cpp:57
[Child 13056, Main Thread] WARNING: JSWindowActorChild::SendRawMessage (Conduits, ConduitClosed) not sent: !CanSend() || !mManager || !mManager->CanSend(): file /build/firefox-DxjVTE/firefox-113.0.2+build1/dom/ipc/jsactor/JSWindowActorChild.cpp:57
[Child 13056, Main Thread] WARNING: JSWindowActorChild::SendRawMessage (Conduits, ConduitClosed) not sent: !CanSend() || !mManager || !mManager->CanSend(): file /build/firefox-DxjVTE/firefox-113.0.2+build1/dom/ipc/jsactor/JSWindowActorChild.cpp:57
[Child 13056, Main Thread] WARNING: JSWindowActorChild::SendRawMessage (Conduits, ConduitClosed) not sent: !CanSend() || !mManager || !mManager->CanSend(): file /build/firefox-DxjVTE/firefox-113.0.2+build1/dom/ipc/jsactor/JSWindowActorChild.cpp:57
[Child 13056, Main Thread] WARNING: JSWindowActorChild::SendRawMessage (Conduits, ConduitClosed) not sent: !CanSend() || !mManager || !mManager->CanSend(): file /build/firefox-DxjVTE/firefox-113.0.2+build1/dom/ipc/jsactor/JSWindowActorChild.cpp:57
console.warn: services.settings: main/normandy-recipes-capabilities sync interrupted by shutdown
console.error: (new AbortError("IndexedDB: main/newtab-wallpapers getLastModified() IndexedDB:  execute() A request was aborted, for example through a call to IDBTransaction.abort.", "resource://services-settings/IDBHelpers.jsm", 18))
1733553677000	geckodriver	INFO	Listening on 127.0.0.1:51065
1733553678008	mozrunner::runner	INFO	Running command: MOZ_CRASHREPORTER="1" MOZ_CRASHREPORTER_NO_REPORT="1" MOZ_CRASHREPORTER_SHUTDOWN="1" MOZ_NO_REMOTE="1" "/usr/bin/firefox" "--marionette" "-no-remote" "-profile" "/tmp/rust_mozprofilesKOXj6"
console.warn: services.settings: Ignoring preference override of remote settings server
console.warn: services.settings: Allow by setting MOZ_REMOTE_SETTINGS_DEVTOOLS=1 in the environment
[GFX1-]: glxtest: libEGL missing methods for GL test
1733553680128	Marionette	INFO	Marionette enabled
1733553680135	Marionette	INFO	Listening on port 42347
Read port: 42347
1733553680286	RemoteAgent	WARN	TLS certificate errors will be ignored for this session
console.error: ({})
[ERROR glean_core] Error setting metrics feature config: Json(Error("EOF while parsing a value", line: 1, column: 0))
Exiting due to channel error.
Exiting due to channel error.
Exiting due to channel error.
Exiting due to channel error.
Exiting due to channel error.
1733553806952	geckodriver	INFO	Listening on 127.0.0.1:36581
1733553806959	mozrunner::runner	INFO	Running command: MOZ_CRASHREPORTER="1" MOZ_CRASHREPORTER_NO_REPORT="1" MOZ_CRASHREPORTER_SHUTDOWN="1" MOZ_NO_REMOTE="1" "/usr/bin/firefox" "--marionette" "-no-remote" "-profile" "/tmp/rust_mozprofilePPYEQO"
console.warn: services.settings: Ignoring preference override of remote settings server
console.warn: services.settings: Allow by setting MOZ_REMOTE_SETTINGS_DEVTOOLS=1 in the environment
[GFX1-]: glxtest: libEGL missing methods for GL test
1733553808930	Marionette	INFO	Marionette enabled
1733553808937	Marionette	INFO	Listening on port 46785
Read port: 46785
1733553809087	RemoteAgent	WARN	TLS certificate errors will be ignored for this session
console.error: ({})
[ERROR glean_core] Error setting metrics feature config: Json(Error("EOF while parsing a value", line: 1, column: 0))
console.warn: LoginRecipes: "Falling back to a synchronous message for: https://www.manoramaquiz.in."
console.error: "update.locale" " file doesn't exist in either the application or GRE directories"
Exiting due to channel error.
Exiting due to channel error.
Exiting due to channel error.
Exiting due to channel error.
Exiting due to channel error.
1733554017206	geckodriver	INFO	Listening on 127.0.0.1:36569
1733554017212	mozrunner::runner	INFO	Running command: MOZ_CRASHREPORTER="1" MOZ_CRASHREPORTER_NO_REPORT="1" MOZ_CRASHREPORTER_SHUTDOWN="1" MOZ_NO_REMOTE="1" "/usr/bin/firefox" "--marionette" "-no-remote" "-profile" "/tmp/rust_mozprofilewPrKnJ"
console.warn: services.settings: Ignoring preference override of remote settings server
console.warn: services.settings: Allow by setting MOZ_REMOTE_SETTINGS_DEVTOOLS=1 in the environment
[GFX1-]: glxtest: libEGL missing methods for GL test
1733554019204	Marionette	INFO	Marionette enabled
1733554019210	Marionette	INFO	Listening on port 33835
Read port: 33835
1733554019364	RemoteAgent	WARN	TLS certificate errors will be ignored for this session
console.error: ({})
[ERROR glean_core] Error setting metrics feature config: Json(Error("EOF while parsing a value", line: 1, column: 0))
console.warn: LoginRecipes: "Falling back to a synchronous message for: https://www.manoramaquiz.in."
console.error: "update.locale" " file doesn't exist in either the application or GRE directories"
Exiting due to channel error.
Exiting due to channel error.
Exiting due to channel error.
Exiting due to channel error.
Exiting due to channel error.
1733554080293	geckodriver	INFO	Listening on 127.0.0.1:47823
1733554080300	mozrunner::runner	INFO	Running command: MOZ_CRASHREPORTER="1" MOZ_CRASHREPORTER_NO_REPORT="1" MOZ_CRASHREPORTER_SHUTDOWN="1" MOZ_NO_REMOTE="1" "/usr/bin/firefox" "--marionette" "-no-remote" "-profile" "/tmp/rust_mozprofileZZXpLQ"
console.warn: services.settings: Ignoring preference override of remote settings server
console.warn: services.settings: Allow by setting MOZ_REMOTE_SETTINGS_DEVTOOLS=1 in the environment
[GFX1-]: glxtest: libEGL missing methods for GL test
1733554082236	Marionette	INFO	Marionette enabled
1733554082243	Marionette	INFO	Listening on port 35735
Read port: 35735
1733554082392	RemoteAgent	WARN	TLS certificate errors will be ignored for this session
console.error: ({})
[ERROR glean_core] Error setting metrics feature config: Json(Error("EOF while parsing a value", line: 1, column: 0))
console.warn: LoginRecipes: "Falling back to a synchronous message for: https://www.manoramaquiz.in."
console.error: "update.locale" " file doesn't exist in either the application or GRE directories"
Exiting due to channel error.
Exiting due to channel error.
Exiting due to channel error.
Exiting due to channel error.
Exiting due to channel error.
1733554225149	geckodriver	INFO	Listening on 127.0.0.1:35569
1733554225156	mozrunner::runner	INFO	Running command: MOZ_CRASHREPORTER="1" MOZ_CRASHREPORTER_NO_REPORT="1" MOZ_CRASHREPORTER_SHUTDOWN="1" MOZ_NO_REMOTE="1" "/usr/bin/firefox" "--marionette" "-no-remote" "-profile" "/tmp/rust_mozprofileoB9QPO"
console.warn: services.settings: Ignoring preference override of remote settings server
console.warn: services.settings: Allow by setting MOZ_REMOTE_SETTINGS_DEVTOOLS=1 in the environment
[GFX1-]: glxtest: libEGL missing methods for GL test
1733554227065	Marionette	INFO	Marionette enabled
1733554227071	Marionette	INFO	Listening on port 40689
Read port: 40689
1733554227222	RemoteAgent	WARN	TLS certificate errors will be ignored for this session
console.error: ({})
[ERROR glean_core] Error setting metrics feature config: Json(Error("EOF while parsing a value", line: 1, column: 0))
Exiting due to channel error.
Exiting due to channel error.
Exiting due to channel error.
Exiting due to channel error.
Exiting due to channel error.
1733554476539	geckodriver	INFO	Listening on 127.0.0.1:33515
1733554476545	mozrunner::runner	INFO	Running command: MOZ_CRASHREPORTER="1" MOZ_CRASHREPORTER_NO_REPORT="1" MOZ_CRASHREPORTER_SHUTDOWN="1" MOZ_NO_REMOTE="1" "/usr/bin/firefox" "--marionette" "-no-remote" "-profile" "/tmp/rust_mozprofileOgM3j1"
console.warn: services.settings: Ignoring preference override of remote settings server
console.warn: services.settings: Allow by setting MOZ_REMOTE_SETTINGS_DEVTOOLS=1 in the environment
[GFX1-]: glxtest: libEGL missing methods for GL test
1733554478539	Marionette	INFO	Marionette enabled
1733554478545	Marionette	INFO	Listening on port 44425
Read port: 44425
1733554478695	RemoteAgent	WARN	TLS certificate errors will be ignored for this session
console.error: ({})
[ERROR glean_core] Error setting metrics feature config: Json(Error("EOF while parsing a value", line: 1, column: 0))
1733554495219	Marionette	INFO	Stopped listening on port 44425
[Child 14711, Main Thread] WARNING: JSWindowActorChild::SendRawMessage (Conduits, ConduitClosed) not sent: !CanSend() || !mManager || !mManager->CanSend(): file /build/firefox-DxjVTE/firefox-113.0.2+build1/dom/ipc/jsactor/JSWindowActorChild.cpp:57
[Child 14711, Main Thread] WARNING: JSWindowActorChild::SendRawMessage (Conduits, ConduitClosed) not sent: !CanSend() || !mManager || !mManager->CanSend(): file /build/firefox-DxjVTE/firefox-113.0.2+build1/dom/ipc/jsactor/JSWindowActorChild.cpp:57
[Child 14711, Main Thread] WARNING: JSWindowActorChild::SendRawMessage (Conduits, ConduitClosed) not sent: !CanSend() || !mManager || !mManager->CanSend(): file /build/firefox-DxjVTE/firefox-113.0.2+build1/dom/ipc/jsactor/JSWindowActorChild.cpp:57
[Child 14711, Main Thread] WARNING: JSWindowActorChild::SendRawMessage (Conduits, ConduitClosed) not sent: !CanSend() || !mManager || !mManager->CanSend(): file /build/firefox-DxjVTE/firefox-113.0.2+build1/dom/ipc/jsactor/JSWindowActorChild.cpp:57
[Child 14711, Main Thread] WARNING: JSWindowActorChild::SendRawMessage (Conduits, ConduitClosed) not sent: !CanSend() || !mManager || !mManager->CanSend(): file /build/firefox-DxjVTE/firefox-113.0.2+build1/dom/ipc/jsactor/JSWindowActorChild.cpp:57
[Child 14711, Main Thread] WARNING: JSWindowActorChild::SendRawMessage (Conduits, ConduitClosed) not sent: !CanSend() || !mManager || !mManager->CanSend(): file /build/firefox-DxjVTE/firefox-113.0.2+build1/dom/ipc/jsactor/JSWindowActorChild.cpp:57
[Child 14711, Main Thread] WARNING: JSWindowActorChild::SendRawMessage (Conduits, ConduitClosed) not sent: !CanSend() || !mManager || !mManager->CanSend(): file /build/firefox-DxjVTE/firefox-113.0.2+build1/dom/ipc/jsactor/JSWindowActorChild.cpp:57
[Child 14711, Main Thread] WARNING: JSWindowActorChild::SendRawMessage (Conduits, ConduitClosed) not sent: !CanSend() || !mManager || !mManager->CanSend(): file /build/firefox-DxjVTE/firefox-113.0.2+build1/dom/ipc/jsactor/JSWindowActorChild.cpp:57
1733554496075	geckodriver	INFO	Listening on 127.0.0.1:37553
1733554497086	mozrunner::runner	INFO	Running command: MOZ_CRASHREPORTER="1" MOZ_CRASHREPORTER_NO_REPORT="1" MOZ_CRASHREPORTER_SHUTDOWN="1" MOZ_NO_REMOTE="1" "/usr/bin/firefox" "--marionette" "-no-remote" "-profile" "/tmp/rust_mozprofileQulxYo"
console.warn: services.settings: Ignoring preference override of remote settings server
console.warn: services.settings: Allow by setting MOZ_REMOTE_SETTINGS_DEVTOOLS=1 in the environment
1733554521562	geckodriver	INFO	Listening on 127.0.0.1:33059
1733554521569	mozrunner::runner	INFO	Running command: MOZ_CRASHREPORTER="1" MOZ_CRASHREPORTER_NO_REPORT="1" MOZ_CRASHREPORTER_SHUTDOWN="1" MOZ_NO_REMOTE="1" "/usr/bin/firefox" "--marionette" "-no-remote" "-profile" "/tmp/rust_mozprofilejbEtHd"
console.warn: services.settings: Ignoring preference override of remote settings server
console.warn: services.settings: Allow by setting MOZ_REMOTE_SETTINGS_DEVTOOLS=1 in the environment
[GFX1-]: glxtest: libEGL missing methods for GL test
1733554523567	Marionette	INFO	Marionette enabled
1733554523573	Marionette	INFO	Listening on port 42631
Read port: 42631
1733554523724	RemoteAgent	WARN	TLS certificate errors will be ignored for this session
console.error: ({})
[ERROR glean_core] Error setting metrics feature config: Json(Error("EOF while parsing a value", line: 1, column: 0))
console.warn: LoginRecipes: "Falling back to a synchronous message for: https://www.manoramaquiz.in."
console.error: ({})
console.warn: LoginRecipes: "Falling back to a synchronous message for: https://www.manoramaquiz.in."
console.warn: LoginRecipes: "Falling back to a synchronous message for: https://www.manoramaquiz.in."
console.error: "update.locale" " file doesn't exist in either the application or GRE directories"
1733554561675	Marionette	INFO	Stopped listening on port 42631
[Child 15021, Main Thread] WARNING: JSWindowActorChild::SendRawMessage (Conduits, ConduitClosed) not sent: !CanSend() || !mManager || !mManager->CanSend(): file /build/firefox-DxjVTE/firefox-113.0.2+build1/dom/ipc/jsactor/JSWindowActorChild.cpp:57
[Child 15021, Main Thread] WARNING: JSWindowActorChild::SendRawMessage (Conduits, ConduitClosed) not sent: !CanSend() || !mManager || !mManager->CanSend(): file /build/firefox-DxjVTE/firefox-113.0.2+build1/dom/ipc/jsactor/JSWindowActorChild.cpp:57
[Child 15021, Main Thread] WARNING: JSWindowActorChild::SendRawMessage (Conduits, ConduitClosed) not sent: !CanSend() || !mManager || !mManager->CanSend(): file /build/firefox-DxjVTE/firefox-113.0.2+build1/dom/ipc/jsactor/JSWindowActorChild.cpp:57
[Child 15021, Main Thread] WARNING: JSWindowActorChild::SendRawMessage (Conduits, ConduitClosed) not sent: !CanSend() || !mManager || !mManager->CanSend(): file /build/firefox-DxjVTE/firefox-113.0.2+build1/dom/ipc/jsactor/JSWindowActorChild.cpp:57
[Child 15021, Main Thread] WARNING: JSWindowActorChild::SendRawMessage (Conduits, ConduitClosed) not sent: !CanSend() || !mManager || !mManager->CanSend(): file /build/firefox-DxjVTE/firefox-113.0.2+build1/dom/ipc/jsactor/JSWindowActorChild.cpp:57
[Child 15021, Main Thread] WARNING: JSWindowActorChild::SendRawMessage (Conduits, ConduitClosed) not sent: !CanSend() || !mManager || !mManager->CanSend(): file /build/firefox-DxjVTE/firefox-113.0.2+build1/dom/ipc/jsactor/JSWindowActorChild.cpp:57
[Child 15021, Main Thread] WARNING: JSWindowActorChild::SendRawMessage (Conduits, ConduitClosed) not sent: !CanSend() || !mManager || !mManager->CanSend(): file /build/firefox-DxjVTE/firefox-113.0.2+build1/dom/ipc/jsactor/JSWindowActorChild.cpp:57
[Child 15021, Main Thread] WARNING: JSWindowActorChild::SendRawMessage (Conduits, ConduitClosed) not sent: !CanSend() || !mManager || !mManager->CanSend(): file /build/firefox-DxjVTE/firefox-113.0.2+build1/dom/ipc/jsactor/JSWindowActorChild.cpp:57
[Child 15021, Main Thread] WARNING: JSWindowActorChild::SendRawMessage (Conduits, ConduitClosed) not sent: !CanSend() || !mManager || !mManager->CanSend(): file /build/firefox-DxjVTE/firefox-113.0.2+build1/dom/ipc/jsactor/JSWindowActorChild.cpp:57
console.error: services.settings: 
  Message: NetworkError: Network error: TypeError: NetworkError: Network request failed
  Stack:
    APIError@resource://services-settings/RemoteSettingsClient.sys.mjs:111:1
NetworkError@resource://services-settings/RemoteSettingsClient.sys.mjs:115:5
_adjustedError@resource://services-settings/RemoteSettingsClient.sys.mjs:911:14
maybeSync@resource://services-settings/RemoteSettingsClient.sys.mjs:816:38

console.warn: services.settings: main/password-recipes sync interrupted by shutdown
console.warn: services.settings: main/fxmonitor-breaches sync interrupted by shutdown
console.warn: services.settings: main/addons-manager-settings sync interrupted by shutdown
console.warn: services.settings: main/partitioning-exempt-urls sync interrupted by shutdown
console.warn: services.settings: main/search-config sync interrupted by shutdown
console.warn: services.settings: security-state/cert-revocations sync interrupted by shutdown
console.warn: services.settings: security-state/onecrl sync interrupted by shutdown
console.warn: services.settings: security-state/intermediates sync interrupted by shutdown
console.error: (new NetworkError("Network error: TypeError: NetworkError: Network request failed", "resource://services-settings/RemoteSettingsClient.sys.mjs", 111))
1733554562659	geckodriver	INFO	Listening on 127.0.0.1:43423
1733554563670	mozrunner::runner	INFO	Running command: MOZ_CRASHREPORTER="1" MOZ_CRASHREPORTER_NO_REPORT="1" MOZ_CRASHREPORTER_SHUTDOWN="1" MOZ_NO_REMOTE="1" "/usr/bin/firefox" "--marionette" "-no-remote" "-profile" "/tmp/rust_mozprofileLmLWwb"
console.warn: services.settings: Ignoring preference override of remote settings server
console.warn: services.settings: Allow by setting MOZ_REMOTE_SETTINGS_DEVTOOLS=1 in the environment
[GFX1-]: glxtest: libEGL missing methods for GL test
1733554565713	Marionette	INFO	Marionette enabled
1733554565719	Marionette	INFO	Listening on port 36131
Read port: 36131
1733554565871	RemoteAgent	WARN	TLS certificate errors will be ignored for this session
1733554614891	geckodriver	INFO	Listening on 127.0.0.1:55383
1733554614899	mozrunner::runner	INFO	Running command: MOZ_CRASHREPORTER="1" MOZ_CRASHREPORTER_NO_REPORT="1" MOZ_CRASHREPORTER_SHUTDOWN="1" MOZ_NO_REMOTE="1" "/usr/bin/firefox" "--marionette" "-no-remote" "-profile" "/tmp/rust_mozprofileSxPUhS"
console.warn: services.settings: Ignoring preference override of remote settings server
console.warn: services.settings: Allow by setting MOZ_REMOTE_SETTINGS_DEVTOOLS=1 in the environment
[GFX1-]: glxtest: libEGL missing methods for GL test
1733554616852	Marionette	INFO	Marionette enabled
1733554616859	Marionette	INFO	Listening on port 35137
Read port: 35137
1733554617015	RemoteAgent	WARN	TLS certificate errors will be ignored for this session
console.error: ({})
[ERROR glean_core] Error setting metrics feature config: Json(Error("EOF while parsing a value", line: 1, column: 0))
console.warn: LoginRecipes: "Falling back to a synchronous message for: https://www.manoramaquiz.in."
console.warn: LoginRecipes: "Falling back to a synchronous message for: https://www.manoramaquiz.in."
console.warn: LoginRecipes: "Falling back to a synchronous message for: https://www.manoramaquiz.in."
console.error: "update.locale" " file doesn't exist in either the application or GRE directories"
1733554649274	Marionette	INFO	Stopped listening on port 35137
[Child 15586, Main Thread] WARNING: JSWindowActorChild::SendRawMessage (Conduits, ConduitClosed) not sent: !CanSend() || !mManager || !mManager->CanSend(): file /build/firefox-DxjVTE/firefox-113.0.2+build1/dom/ipc/jsactor/JSWindowActorChild.cpp:57
[Child 15586, Main Thread] WARNING: JSWindowActorChild::SendRawMessage (Conduits, ConduitClosed) not sent: !CanSend() || !mManager || !mManager->CanSend(): file /build/firefox-DxjVTE/firefox-113.0.2+build1/dom/ipc/jsactor/JSWindowActorChild.cpp:57
[Child 15586, Main Thread] WARNING: JSWindowActorChild::SendRawMessage (Conduits, ConduitClosed) not sent: !CanSend() || !mManager || !mManager->CanSend(): file /build/firefox-DxjVTE/firefox-113.0.2+build1/dom/ipc/jsactor/JSWindowActorChild.cpp:57
[Child 15586, Main Thread] WARNING: JSWindowActorChild::SendRawMessage (Conduits, ConduitClosed) not sent: !CanSend() || !mManager || !mManager->CanSend(): file /build/firefox-DxjVTE/firefox-113.0.2+build1/dom/ipc/jsactor/JSWindowActorChild.cpp:57
[Child 15586, Main Thread] WARNING: JSWindowActorChild::SendRawMessage (Conduits, ConduitClosed) not sent: !CanSend() || !mManager || !mManager->CanSend(): file /build/firefox-DxjVTE/firefox-113.0.2+build1/dom/ipc/jsactor/JSWindowActorChild.cpp:57
[Child 15586, Main Thread] WARNING: JSWindowActorChild::SendRawMessage (Conduits, ConduitClosed) not sent: !CanSend() || !mManager || !mManager->CanSend(): file /build/firefox-DxjVTE/firefox-113.0.2+build1/dom/ipc/jsactor/JSWindowActorChild.cpp:57
[Child 15586, Main Thread] WARNING: JSWindowActorChild::SendRawMessage (Conduits, ConduitClosed) not sent: !CanSend() || !mManager || !mManager->CanSend(): file /build/firefox-DxjVTE/firefox-113.0.2+build1/dom/ipc/jsactor/JSWindowActorChild.cpp:57
[Child 15586, Main Thread] WARNING: JSWindowActorChild::SendRawMessage (Conduits, ConduitClosed) not sent: !CanSend() || !mManager || !mManager->CanSend(): file /build/firefox-DxjVTE/firefox-113.0.2+build1/dom/ipc/jsactor/JSWindowActorChild.cpp:57
[Child 15586, Main Thread] WARNING: JSWindowActorChild::SendRawMessage (Conduits, ConduitClosed) not sent: !CanSend() || !mManager || !mManager->CanSend(): file /build/firefox-DxjVTE/firefox-113.0.2+build1/dom/ipc/jsactor/JSWindowActorChild.cpp:57
console.warn: services.settings: main/normandy-recipes-capabilities sync interrupted by shutdown
console.warn: services.settings: Error retrieving the getLastModified timestamp from blocklists/addons-bloomfilters RemoteSettingsClient Message: AbortError: IndexedDB: blocklists/addons-bloomfilters getLastModified() IndexedDB:  execute() A request was aborted, for example through a call to IDBTransaction.abort.
console.error: (new AbortError("IndexedDB: main/newtab-wallpapers getLastModified() IndexedDB:  execute() A request was aborted, for example through a call to IDBTransaction.abort.", "resource://services-settings/IDBHelpers.jsm", 18))
1733554650736	geckodriver	INFO	Listening on 127.0.0.1:37481
1733554651746	mozrunner::runner	INFO	Running command: MOZ_CRASHREPORTER="1" MOZ_CRASHREPORTER_NO_REPORT="1" MOZ_CRASHREPORTER_SHUTDOWN="1" MOZ_NO_REMOTE="1" "/usr/bin/firefox" "--marionette" "-no-remote" "-profile" "/tmp/rust_mozprofileA54R4P"
console.warn: services.settings: Ignoring preference override of remote settings server
console.warn: services.settings: Allow by setting MOZ_REMOTE_SETTINGS_DEVTOOLS=1 in the environment
[GFX1-]: glxtest: libEGL missing methods for GL test
1733554654155	Marionette	INFO	Marionette enabled
1733554654162	Marionette	INFO	Listening on port 41527
Read port: 41527
1733554654376	RemoteAgent	WARN	TLS certificate errors will be ignored for this session
console.error: ({})
[ERROR glean_core] Error setting metrics feature config: Json(Error("EOF while parsing a value", line: 1, column: 0))
console.error: (new TypeError("this._searchProviderInfo is null", "resource:///modules/SearchSERPTelemetry.sys.mjs", 502))
console.warn: LoginRecipes: "Falling back to a synchronous message for: https://www.manoramaquiz.in."
console.warn: LoginRecipes: "Falling back to a synchronous message for: https://www.manoramaquiz.in."
console.warn: LoginRecipes: "Falling back to a synchronous message for: https://www.manoramaquiz.in."
1733554683894	Marionette	INFO	Stopped listening on port 41527
[Child 15855, Main Thread] WARNING: JSWindowActorChild::SendRawMessage (Conduits, ConduitClosed) not sent: !CanSend() || !mManager || !mManager->CanSend(): file /build/firefox-DxjVTE/firefox-113.0.2+build1/dom/ipc/jsactor/JSWindowActorChild.cpp:57
[Child 15855, Main Thread] WARNING: JSWindowActorChild::SendRawMessage (Conduits, ConduitClosed) not sent: !CanSend() || !mManager || !mManager->CanSend(): file /build/firefox-DxjVTE/firefox-113.0.2+build1/dom/ipc/jsactor/JSWindowActorChild.cpp:57
[Child 15855, Main Thread] WARNING: JSWindowActorChild::SendRawMessage (Conduits, ConduitClosed) not sent: !CanSend() || !mManager || !mManager->CanSend(): file /build/firefox-DxjVTE/firefox-113.0.2+build1/dom/ipc/jsactor/JSWindowActorChild.cpp:57
[Child 15855, Main Thread] WARNING: JSWindowActorChild::SendRawMessage (Conduits, ConduitClosed) not sent: !CanSend() || !mManager || !mManager->CanSend(): file /build/firefox-DxjVTE/firefox-113.0.2+build1/dom/ipc/jsactor/JSWindowActorChild.cpp:57
[Child 15855, Main Thread] WARNING: JSWindowActorChild::SendRawMessage (Conduits, ConduitClosed) not sent: !CanSend() || !mManager || !mManager->CanSend(): file /build/firefox-DxjVTE/firefox-113.0.2+build1/dom/ipc/jsactor/JSWindowActorChild.cpp:57
[Child 15855, Main Thread] WARNING: JSWindowActorChild::SendRawMessage (Conduits, ConduitClosed) not sent: !CanSend() || !mManager || !mManager->CanSend(): file /build/firefox-DxjVTE/firefox-113.0.2+build1/dom/ipc/jsactor/JSWindowActorChild.cpp:57
[Child 15855, Main Thread] WARNING: JSWindowActorChild::SendRawMessage (Conduits, ConduitClosed) not sent: !CanSend() || !mManager || !mManager->CanSend(): file /build/firefox-DxjVTE/firefox-113.0.2+build1/dom/ipc/jsactor/JSWindowActorChild.cpp:57
[Child 15855, Main Thread] WARNING: JSWindowActorChild::SendRawMessage (Conduits, ConduitClosed) not sent: !CanSend() || !mManager || !mManager->CanSend(): file /build/firefox-DxjVTE/firefox-113.0.2+build1/dom/ipc/jsactor/JSWindowActorChild.cpp:57
1733554685174	geckodriver	INFO	Listening on 127.0.0.1:57979
1733554686187	mozrunner::runner	INFO	Running command: MOZ_CRASHREPORTER="1" MOZ_CRASHREPORTER_NO_REPORT="1" MOZ_CRASHREPORTER_SHUTDOWN="1" MOZ_NO_REMOTE="1" "/usr/bin/firefox" "--marionette" "-no-remote" "-profile" "/tmp/rust_mozprofileaZAEdC"
console.warn: services.settings: Ignoring preference override of remote settings server
console.warn: services.settings: Allow by setting MOZ_REMOTE_SETTINGS_DEVTOOLS=1 in the environment
[GFX1-]: glxtest: libEGL missing methods for GL test
1733554688191	Marionette	INFO	Marionette enabled
1733554688198	Marionette	INFO	Listening on port 41443
Read port: 41443
1733554688348	RemoteAgent	WARN	TLS certificate errors will be ignored for this session
console.error: ({})
[ERROR glean_core] Error setting metrics feature config: Json(Error("EOF while parsing a value", line: 1, column: 0))
console.warn: LoginRecipes: "Falling back to a synchronous message for: https://www.manoramaquiz.in."
console.error: ({})
console.warn: LoginRecipes: "Falling back to a synchronous message for: https://www.manoramaquiz.in."
console.warn: LoginRecipes: "Falling back to a synchronous message for: https://www.manoramaquiz.in."
console.error: "update.locale" " file doesn't exist in either the application or GRE directories"
1733554718944	Marionette	INFO	Stopped listening on port 41443
[Child 16117, Main Thread] WARNING: JSWindowActorChild::SendRawMessage (Conduits, ConduitClosed) not sent: !CanSend() || !mManager || !mManager->CanSend(): file /build/firefox-DxjVTE/firefox-113.0.2+build1/dom/ipc/jsactor/JSWindowActorChild.cpp:57
[Child 16117, Main Thread] WARNING: JSWindowActorChild::SendRawMessage (Conduits, ConduitClosed) not sent: !CanSend() || !mManager || !mManager->CanSend(): file /build/firefox-DxjVTE/firefox-113.0.2+build1/dom/ipc/jsactor/JSWindowActorChild.cpp:57
[Child 16117, Main Thread] WARNING: JSWindowActorChild::SendRawMessage (Conduits, ConduitClosed) not sent: !CanSend() || !mManager || !mManager->CanSend(): file /build/firefox-DxjVTE/firefox-113.0.2+build1/dom/ipc/jsactor/JSWindowActorChild.cpp:57
[Child 16117, Main Thread] WARNING: JSWindowActorChild::SendRawMessage (Conduits, ConduitClosed) not sent: !CanSend() || !mManager || !mManager->CanSend(): file /build/firefox-DxjVTE/firefox-113.0.2+build1/dom/ipc/jsactor/JSWindowActorChild.cpp:57
[Child 16117, Main Thread] WARNING: JSWindowActorChild::SendRawMessage (Conduits, ConduitClosed) not sent: !CanSend() || !mManager || !mManager->CanSend(): file /build/firefox-DxjVTE/firefox-113.0.2+build1/dom/ipc/jsactor/JSWindowActorChild.cpp:57
[Child 16117, Main Thread] WARNING: JSWindowActorChild::SendRawMessage (Conduits, ConduitClosed) not sent: !CanSend() || !mManager || !mManager->CanSend(): file /build/firefox-DxjVTE/firefox-113.0.2+build1/dom/ipc/jsactor/JSWindowActorChild.cpp:57
[Child 16117, Main Thread] WARNING: JSWindowActorChild::SendRawMessage (Conduits, ConduitClosed) not sent: !CanSend() || !mManager || !mManager->CanSend(): file /build/firefox-DxjVTE/firefox-113.0.2+build1/dom/ipc/jsactor/JSWindowActorChild.cpp:57
[Child 16117, Main Thread] WARNING: JSWindowActorChild::SendRawMessage (Conduits, ConduitClosed) not sent: !CanSend() || !mManager || !mManager->CanSend(): file /build/firefox-DxjVTE/firefox-113.0.2+build1/dom/ipc/jsactor/JSWindowActorChild.cpp:57
1733554719144	addons.xpi	ERROR	System addon update list error Error: Failed downloading XML, status: 0, reason: error
console.error: services.settings: 
  blocklists/addons-bloomfilters Signature failed  TypeError: NetworkError: Network request failed
console.error: services.settings: 
  Message: NetworkError: Network error: TypeError: NetworkError: Network request failed
  Stack:
    APIError@resource://services-settings/RemoteSettingsClient.sys.mjs:111:1
NetworkError@resource://services-settings/RemoteSettingsClient.sys.mjs:115:5
_adjustedError@resource://services-settings/RemoteSettingsClient.sys.mjs:911:14
maybeSync@resource://services-settings/RemoteSettingsClient.sys.mjs:816:38
observe@resource://gre/modules/AsyncShutdown.sys.mjs:576:16

console.warn: services.settings: main/normandy-recipes-capabilities sync interrupted by shutdown
console.error: (new Error("IndexedDB: main/newtab-wallpapers getLastModified() IndexedDB:  execute() The application is shutting down", "resource://services-settings/IDBHelpers.jsm", 18))
1733554720223	geckodriver	INFO	Listening on 127.0.0.1:36577
1733554721230	mozrunner::runner	INFO	Running command: MOZ_CRASHREPORTER="1" MOZ_CRASHREPORTER_NO_REPORT="1" MOZ_CRASHREPORTER_SHUTDOWN="1" MOZ_NO_REMOTE="1" "/usr/bin/firefox" "--marionette" "-no-remote" "-profile" "/tmp/rust_mozprofileX9vfzo"
console.warn: services.settings: Ignoring preference override of remote settings server
console.warn: services.settings: Allow by setting MOZ_REMOTE_SETTINGS_DEVTOOLS=1 in the environment
